[generador-crm-hma-kdj-github.netlify.app/index.html]
[backblue.gif]
[fade.gif]
[index.html]
[cdn.jsdelivr.net/npm/bootstrap@5.3.0-alpha1/dist/css/bootstrap.min.css]
[cdn.jsdelivr.net/npm/bootstrap-icons/font/bootstrap-icons.css]
[cdn.jsdelivr.net/npm/@popperjs/core@2.11.6/dist/umd/popper.min.js]
[cdn.jsdelivr.net/npm/bootstrap@5.3.0-alpha1/dist/js/bootstrap.min.js]
[cdn.jsdelivr.net/npm/clipboard@2.0.10/dist/clipboard.min.js]
[generador-crm-hma-kdj-github.netlify.app/estilos/styles.css]
[generador-crm-hma-kdj-github.netlify.app/menu/menu.html]
[generador-crm-hma-kdj-github.netlify.app/footer/footer.html]
[generador-crm-hma-kdj-github.netlify.app/index.html]
[cdn.jsdelivr.net/npm/bootstrap@5.3.0-alpha1/dist/css/bootstrap.min.css]
[cdn.jsdelivr.net/npm/bootstrap-icons/font/fonts/bootstrap-icons04d5.woff2]
[cdn.jsdelivr.net/npm/bootstrap-icons/font/fonts/bootstrap-icons04d5.woff]
[cdn.jsdelivr.net/npm/bootstrap-icons/font/bootstrap-icons.css]
[generador-crm-hma-kdj-github.netlify.app/estilos/styles.css]
[generador-crm-hma-kdj-github.netlify.app/chapas/negra.html]
[generador-crm-hma-kdj-github.netlify.app/chapas/galva.html]
[generador-crm-hma-kdj-github.netlify.app/chapas/lf.html]
[generador-crm-hma-kdj-github.netlify.app/chapas/decap.html]
[generador-crm-hma-kdj-github.netlify.app/chapas/perf_red.html]
[generador-crm-hma-kdj-github.netlify.app/chapas/perf_cuad.html]
[generador-crm-hma-kdj-github.netlify.app/chapas/peldaños_repujados.html]
[generador-crm-hma-kdj-github.netlify.app/chapas/colabor.html]
[generador-crm-hma-kdj-github.netlify.app/chapas/corten.html]
[generador-crm-hma-kdj-github.netlify.app/chapas/estriada.html]
[generador-crm-hma-kdj-github.netlify.app/chapas/lagrimada.html]
[generador-crm-hma-kdj-github.netlify.app/chapas/estamp.html]
[generador-crm-hma-kdj-github.netlify.app/chapas/ond.html]
[generador-crm-hma-kdj-github.netlify.app/chapas/trapez.html]
[generador-crm-hma-kdj-github.netlify.app/chapas/pegaso.html]
[generador-crm-hma-kdj-github.netlify.app/chapas/lisa.html]
[generador-crm-hma-kdj-github.netlify.app/tubos/tubos_6_teclado.html]
[generador-crm-hma-kdj-github.netlify.app/tubos/tubo_12_teclado.html]
[generador-crm-hma-kdj-github.netlify.app/tubos/tubos_6_raton.html]
[generador-crm-hma-kdj-github.netlify.app/tubos/tubos_12_raton.html]
[generador-crm-hma-kdj-github.netlify.app/tubos_iso/estandar.html]
[generador-crm-hma-kdj-github.netlify.app/tubos_iso/galvanizados.html]
[generador-crm-hma-kdj-github.netlify.app/tubos/tubos_abiertos.html]
[generador-crm-hma-kdj-github.netlify.app/vigas/ipn_pruebas.html]
[generador-crm-hma-kdj-github.netlify.app/vigas/ipe_pruebas.html]
[generador-crm-hma-kdj-github.netlify.app/vigas/heb_pruebas.html]
[generador-crm-hma-kdj-github.netlify.app/vigas/hea_pruebas.html]
[generador-crm-hma-kdj-github.netlify.app/vigas/upn_pruebas.html]
[generador-crm-hma-kdj-github.netlify.app/comerciales/angulo6.html]
[generador-crm-hma-kdj-github.netlify.app/comerciales/angulo12.html]
[generador-crm-hma-kdj-github.netlify.app/comerciales/pletina_st.html]
[generador-crm-hma-kdj-github.netlify.app/comerciales/pletina_gc.html]
[generador-crm-hma-kdj-github.netlify.app/comerciales/pletina_zc.html]
[generador-crm-hma-kdj-github.netlify.app/comerciales/simple_t.html]
[generador-crm-hma-kdj-github.netlify.app/comerciales/cuadrado_macizo.html]
[generador-crm-hma-kdj-github.netlify.app/comerciales/redondo_macizo.html]
[generador-crm-hma-kdj-github.netlify.app/comerciales/redondo_calibrado.html]
[generador-crm-hma-kdj-github.netlify.app/varios/presillas2.html]
[generador-crm-hma-kdj-github.netlify.app/varios/carriles.html]
[generador-crm-hma-kdj-github.netlify.app/varios/rodamientos.html]
[generador-crm-hma-kdj-github.netlify.app/varios/perfil_mallorquin.html]
[generador-crm-hma-kdj-github.netlify.app/varios/perfil_u.html]
[generador-crm-hma-kdj-github.netlify.app/varios/correas.html]
[generador-crm-hma-kdj-github.netlify.app/varios/junquillo.html]
[generador-crm-hma-kdj-github.netlify.app/varios/emparillada.html]
[generador-crm-hma-kdj-github.netlify.app/varios/malla_verja.html]
[generador-crm-hma-kdj-github.netlify.app/pds/decapado.html]
[generador-crm-hma-kdj-github.netlify.app/pds/galvanizado.html]
[generador-crm-hma-kdj-github.netlify.app/comerciales/pasamanos.html]
[generador-crm-hma-kdj-github.netlify.app/corrugado/corrugado_6mts.html]
[generador-crm-hma-kdj-github.netlify.app/corrugado/corrugado_12mts.html]
[generador-crm-hma-kdj-github.netlify.app/corrugado/garrota.html]
[generador-crm-hma-kdj-github.netlify.app/corrugado/encarretado.html]
[generador-crm-hma-kdj-github.netlify.app/mallazo/mallazo.html]
[generador-crm-hma-kdj-github.netlify.app/armadura/armadura.html]
[generador-crm-hma-kdj-github.netlify.app/menu/menu.html]
[generador-crm-hma-kdj-github.netlify.app/alambre/alambre.html]
[cdn.jsdelivr.net/npm/bootstrap@5.3.2/dist/css/bootstrap.min.css]
[cdn.jsdelivr.net/npm/bootstrap-icons@1.11.3/font/bootstrap-icons.min.css]
[generador-crm-hma-kdj-github.netlify.app/footer/footer.html]
[generador-crm-hma-kdj-github.netlify.app/chapas/negra.html]
[generador-crm-hma-kdj-github.netlify.app/chapas/galva.html]
[generador-crm-hma-kdj-github.netlify.app/chapas/lf.html]
[generador-crm-hma-kdj-github.netlify.app/chapas/decap.html]
[generador-crm-hma-kdj-github.netlify.app/chapas/perf_red.html]
[generador-crm-hma-kdj-github.netlify.app/chapas/perf_cuad.html]
[generador-crm-hma-kdj-github.netlify.app/chapas/peldaños_repujados.html]
[generador-crm-hma-kdj-github.netlify.app/chapas/colabor.html]
[generador-crm-hma-kdj-github.netlify.app/chapas/corten.html]
[generador-crm-hma-kdj-github.netlify.app/chapas/estriada.html]
[generador-crm-hma-kdj-github.netlify.app/chapas/lagrimada.html]
[generador-crm-hma-kdj-github.netlify.app/chapas/estamp.html]
[generador-crm-hma-kdj-github.netlify.app/chapas/ond.html]
[generador-crm-hma-kdj-github.netlify.app/chapas/trapez.html]
[generador-crm-hma-kdj-github.netlify.app/chapas/pegaso.html]
[generador-crm-hma-kdj-github.netlify.app/chapas/lisa.html]
[cdn.jsdelivr.net/npm/bootstrap@5.3.2/dist/js/bootstrap.bundle.min.js]
[generador-crm-hma-kdj-github.netlify.app/tubos/tubos_6_teclado.html]
[generador-crm-hma-kdj-github.netlify.app/tubos/tubo_12_auto_v2.html]
[generador-crm-hma-kdj-github.netlify.app/tubos/tubo_12_teclado.html]
[generador-crm-hma-kdj-github.netlify.app/tubos/tubos_6_raton.html]
[generador-crm-hma-kdj-github.netlify.app/tubos/tubos_12_raton.html]
[generador-crm-hma-kdj-github.netlify.app/tubos_iso/estandar.html]
[generador-crm-hma-kdj-github.netlify.app/tubos_iso/galvanizados.html]
[generador-crm-hma-kdj-github.netlify.app/tubos/tubos_abiertos.html]
[generador-crm-hma-kdj-github.netlify.app/vigas/ipn_pruebas.html]
[generador-crm-hma-kdj-github.netlify.app/vigas/ipe_pruebas.html]
[generador-crm-hma-kdj-github.netlify.app/vigas/heb_pruebas.html]
[generador-crm-hma-kdj-github.netlify.app/vigas/hea_pruebas.html]
[generador-crm-hma-kdj-github.netlify.app/vigas/upn_pruebas.html]
[generador-crm-hma-kdj-github.netlify.app/comerciales/angulo6.html]
[generador-crm-hma-kdj-github.netlify.app/comerciales/angulo12.html]
[generador-crm-hma-kdj-github.netlify.app/comerciales/pletina_st.html]
[generador-crm-hma-kdj-github.netlify.app/tubos/tubos_6_auto_v2.html]
[cdnjs.cloudflare.com/ajax/libs/clipboard.js/2.0.8/clipboard.min.js]
[generador-crm-hma-kdj-github.netlify.app/comerciales/pletina_gc.html]
[generador-crm-hma-kdj-github.netlify.app/comerciales/pletina_zc.html]
[generador-crm-hma-kdj-github.netlify.app/comerciales/simple_t.html]
[generador-crm-hma-kdj-github.netlify.app/comerciales/cuadrado_macizo.html]
[generador-crm-hma-kdj-github.netlify.app/comerciales/redondo_macizo.html]
[generador-crm-hma-kdj-github.netlify.app/comerciales/redondo_calibrado.html]
[generador-crm-hma-kdj-github.netlify.app/varios/presillas2.html]
[generador-crm-hma-kdj-github.netlify.app/varios/carriles.html]
[generador-crm-hma-kdj-github.netlify.app/varios/rodamientos.html]
[generador-crm-hma-kdj-github.netlify.app/varios/perfil_mallorquin.html]
[generador-crm-hma-kdj-github.netlify.app/varios/perfil_u.html]
[generador-crm-hma-kdj-github.netlify.app/varios/correas.html]
[generador-crm-hma-kdj-github.netlify.app/varios/junquillo.html]
[generador-crm-hma-kdj-github.netlify.app/varios/emparillada.html]
[generador-crm-hma-kdj-github.netlify.app/varios/malla_verja.html]
[generador-crm-hma-kdj-github.netlify.app/pds/decapado.html]
[generador-crm-hma-kdj-github.netlify.app/pds/galvanizado.html]
[generador-crm-hma-kdj-github.netlify.app/comerciales/pasamanos.html]
[generador-crm-hma-kdj-github.netlify.app/corrugado/corrugado_6mts.html]
[generador-crm-hma-kdj-github.netlify.app/corrugado/corrugado_12mts.html]
[generador-crm-hma-kdj-github.netlify.app/corrugado/garrota.html]
[generador-crm-hma-kdj-github.netlify.app/corrugado/encarretado.html]
[generador-crm-hma-kdj-github.netlify.app/mallazo/mallazo.html]
[generador-crm-hma-kdj-github.netlify.app/armadura/armadura.html]
[generador-crm-hma-kdj-github.netlify.app/alambre/alambre.html]
[cdn.jsdelivr.net/npm/bootstrap@5.3.2/dist/css/bootstrap.min.css]
[cdn.jsdelivr.net/npm/bootstrap-icons@1.7.2/font/bootstrap-icons.css]
[cdn.jsdelivr.net/npm/bootstrap-icons@1.11.3/font/fonts/bootstrap-icons0107.woff2]
[cdn.jsdelivr.net/npm/bootstrap-icons@1.11.3/font/bootstrap-icons.min.css]
[cdn.jsdelivr.net/npm/bootstrap-icons@1.11.3/font/fonts/bootstrap-icons0107.woff]
[generador-crm-hma-kdj-github.netlify.app/tubos/tubo_12_auto_v2.html]
[generador-crm-hma-kdj-github.netlify.app/tubos/tubos_6_auto_v2.html]
[cdn.jsdelivr.net/npm/bootstrap-icons@1.7.2/font/fonts/bootstrap-iconsf114.woff2]
[cdn.jsdelivr.net/npm/bootstrap-icons@1.7.2/font/fonts/bootstrap-iconsf114.woff]
[cdn.jsdelivr.net/npm/bootstrap-icons@1.7.2/font/bootstrap-icons.css]
